<?xml version="1.0" encoding="UTF-8"?>
<testng-results ignored="0" total="1" passed="1" failed="0" skipped="0">
  <reporter-output>
  </reporter-output>
  <suite started-at="2021-05-31T19:29:09 UTC" name="Surefire suite" finished-at="2021-05-31T19:29:19 UTC" duration-ms="10024">
    <groups>
    </groups>
    <test started-at="2021-05-31T19:29:09 UTC" name="Surefire test" finished-at="2021-05-31T19:29:19 UTC" duration-ms="10024">
      <class name="lambdatest_p.TestNGTodo">
        <test-method is-config="true" signature="setUp()[pri:0, instance:lambdatest_p.TestNGTodo@74e52303]" started-at="2021-05-31T19:29:09 UTC" name="setUp" finished-at="2021-05-31T19:29:15 UTC" duration-ms="6166" status="PASS">
          <reporter-output>
          </reporter-output>
        </test-method> <!-- setUp -->
        <test-method signature="testSimple()[pri:0, instance:lambdatest_p.TestNGTodo@74e52303]" started-at="2021-05-31T19:29:15 UTC" name="testSimple" finished-at="2021-05-31T19:29:17 UTC" duration-ms="2465" status="PASS">
          <reporter-output>
          </reporter-output>
        </test-method> <!-- testSimple -->
        <test-method is-config="true" signature="tearDown()[pri:0, instance:lambdatest_p.TestNGTodo@74e52303]" started-at="2021-05-31T19:29:17 UTC" name="tearDown" finished-at="2021-05-31T19:29:19 UTC" duration-ms="1369" status="PASS">
          <reporter-output>
          </reporter-output>
        </test-method> <!-- tearDown -->
      </class> <!-- lambdatest_p.TestNGTodo -->
    </test> <!-- Surefire test -->
  </suite> <!-- Surefire suite -->
</testng-results>
