<?xml version="1.0" encoding="UTF-8"?>
<testng-results ignored="0" total="1" passed="1" failed="0" skipped="0">
  <reporter-output>
  </reporter-output>
  <suite started-at="2021-05-31T01:17:54 GMT+05:30" name="Default suite" finished-at="2021-05-31T01:18:12 GMT+05:30" duration-ms="18338">
    <groups>
    </groups>
    <test started-at="2021-05-31T01:17:54 GMT+05:30" name="Default test" finished-at="2021-05-31T01:18:12 GMT+05:30" duration-ms="18338">
      <class name="lambdatest_p.TestNGTodo">
        <test-method is-config="true" signature="setUp()[pri:0, instance:lambdatest_p.TestNGTodo@e7edb54]" started-at="2021-05-31T01:17:54 GMT+05:30" name="setUp" finished-at="2021-05-31T01:18:03 GMT+05:30" duration-ms="9684" status="PASS">
          <reporter-output>
          </reporter-output>
        </test-method> <!-- setUp -->
        <test-method signature="testSimple()[pri:0, instance:lambdatest_p.TestNGTodo@e7edb54]" started-at="2021-05-31T01:18:03 GMT+05:30" name="testSimple" finished-at="2021-05-31T01:18:10 GMT+05:30" duration-ms="6298" status="PASS">
          <reporter-output>
          </reporter-output>
        </test-method> <!-- testSimple -->
        <test-method is-config="true" signature="tearDown()[pri:0, instance:lambdatest_p.TestNGTodo@e7edb54]" started-at="2021-05-31T01:18:10 GMT+05:30" name="tearDown" finished-at="2021-05-31T01:18:12 GMT+05:30" duration-ms="2303" status="PASS">
          <reporter-output>
          </reporter-output>
        </test-method> <!-- tearDown -->
      </class> <!-- lambdatest_p.TestNGTodo -->
    </test> <!-- Default test -->
  </suite> <!-- Default suite -->
</testng-results>
